Loaded dependency [python3/3.10.12]: gcc/11.4.0-binutils-2.40
Loaded dependency [python3/3.10.12]: sqlite3/3.42.0

Switching from python3/3.8.2 to python3/3.10.12
  Loading requirement: gcc/11.4.0-binutils-2.40 sqlite3/3.42.0
2024-03-19 10:36:54.379249: E tensorflow/compiler/xla/stream_executor/cuda/cuda_dnn.cc:9342] Unable to register cuDNN factory: Attempting to register factory for plugin cuDNN when one has already been registered
2024-03-19 10:36:54.379320: E tensorflow/compiler/xla/stream_executor/cuda/cuda_fft.cc:609] Unable to register cuFFT factory: Attempting to register factory for plugin cuFFT when one has already been registered
2024-03-19 10:36:54.399028: E tensorflow/compiler/xla/stream_executor/cuda/cuda_blas.cc:1518] Unable to register cuBLAS factory: Attempting to register factory for plugin cuBLAS when one has already been registered
2024-03-19 10:38:00.884956: W external/xla/xla/service/hlo_rematerialization.cc:2202] Can't reduce memory use below 29.54GiB (31713951744 bytes) by rematerialization; only reduced to 31.37GiB (33686339552 bytes), down from 31.37GiB (33686339552 bytes) originally
2024-03-19 10:38:11.242816: W external/tsl/tsl/framework/bfc_allocator.cc:485] Allocator (GPU_0_bfc) ran out of memory trying to allocate 30.59GiB (rounded to 32850749184)requested by op 
2024-03-19 10:38:11.243425: W external/tsl/tsl/framework/bfc_allocator.cc:497] ******______________________________________________________________________________________________
2024-03-19 10:38:11.243799: E external/xla/xla/pjrt/pjrt_stream_executor_client.cc:2593] Execution of replica 0 failed: RESOURCE_EXHAUSTED: Out of memory while trying to allocate 32850749016 bytes.
BufferAssignment OOM Debugging.
BufferAssignment stats:
             parameter allocation:  782.05MiB
              constant allocation:        80B
        maybe_live_out allocation:  796.88MiB
     preallocated temp allocation:   30.59GiB
  preallocated temp fragmentation:       120B (0.00%)
                 total allocation:   32.14GiB
              total fragmentation:     1.6KiB (0.00%)
Peak buffers:
	Buffer 1:
		Size: 7.63GiB
		XLA Label: fusion
		Shape: f64[1024,100,10000]
		==========================

	Buffer 2:
		Size: 7.63GiB
		XLA Label: fusion
		Shape: f64[1024,10000,100]
		==========================

	Buffer 3:
		Size: 7.63GiB
		XLA Label: fusion
		Shape: f64[1024,100,10000]
		==========================

	Buffer 4:
		Size: 7.63GiB
		Operator: op_name="jit(<lambda>)/jit(main)/while/body/vmap(jit(Gamma_g))/vmap(jvp(jit(inv)))/jit(solve)/vmap(jit(_lu_solve))/triangular_solve[left_side=True lower=False transpose_a=False conjugate_a=False unit_diagonal=False]" source_file="/zhome/77/8/118225/Desktop/Projects/score_diffusion_mean/score_diffusion_mean/jaxgeometry/manifolds/riemannian/metric.py" source_line=65
		XLA Label: custom-call
		Shape: f64[1024,100,10000]
		==========================

	Buffer 5:
		Size: 781.25MiB
		Entry Parameter Subshape: f64[1000,1024,100]
		==========================

	Buffer 6:
		Size: 781.25MiB
		Operator: op_name="jit(<lambda>)/jit(main)/while/body/dynamic_update_slice" source_file="/zhome/77/8/118225/Desktop/Projects/score_diffusion_mean/score_diffusion_mean/jaxgeometry/integration/integration.py" source_line=120
		XLA Label: fusion
		Shape: f64[1000,1024,100]
		==========================

	Buffer 7:
		Size: 78.12MiB
		Operator: op_name="jit(<lambda>)/jit(main)/while/body/vmap(jit(Gamma_g))/reshape[new_sizes=(1024, 100, 100) dimensions=None]" source_file="/zhome/77/8/118225/Desktop/Projects/score_diffusion_mean/score_diffusion_mean/jaxgeometry/manifolds/Landmarks.py" source_line=110
		XLA Label: fusion
		Shape: f64[1024,50,2,50,2]
		==========================

	Buffer 8:
		Size: 7.81MiB
		Operator: op_name="jit(<lambda>)/jit(main)/while/body/dynamic_update_slice" source_file="/zhome/77/8/118225/Desktop/Projects/score_diffusion_mean/score_diffusion_mean/jaxgeometry/integration/integration.py" source_line=120
		XLA Label: fusion
		Shape: f64[1000,1024]
		==========================

	Buffer 9:
		Size: 7.81MiB
		Operator: op_name="jit(<lambda>)/jit(main)/while/body/dynamic_update_slice" source_file="/zhome/77/8/118225/Desktop/Projects/score_diffusion_mean/score_diffusion_mean/jaxgeometry/integration/integration.py" source_line=120
		XLA Label: fusion
		Shape: f64[1000,1024,1]
		==========================

	Buffer 10:
		Size: 800.0KiB
		Entry Parameter Subshape: f64[1024,100]
		==========================

	Buffer 11:
		Size: 8.0KiB
		Entry Parameter Subshape: f64[1024,1]
		==========================

	Buffer 12:
		Size: 8.0KiB
		Entry Parameter Subshape: f64[1024]
		==========================

	Buffer 13:
		Size: 7.8KiB
		Entry Parameter Subshape: f64[1000]
		==========================

	Buffer 14:
		Size: 7.8KiB
		Operator: op_name="jit(<lambda>)/jit(main)/while/body/dynamic_update_slice" source_file="/zhome/77/8/118225/Desktop/Projects/score_diffusion_mean/score_diffusion_mean/jaxgeometry/integration/integration.py" source_line=120
		XLA Label: fusion
		Shape: f64[1000]
		==========================

	Buffer 15:
		Size: 88B
		XLA Label: tuple
		Shape: (s64[], f64[], f64[1024,100], f64[1024], f64[1000], /*index=5*/f64[1000,1024,100], f64[1000,1024,1], f64[1000,1024], f64[1000], f64[1000,1024,100], /*index=10*/f64[1024,1])
		==========================


2024-03-19 10:38:11.300931: W tensorflow/core/framework/op_kernel.cc:1827] UNKNOWN: XlaRuntimeError: RESOURCE_EXHAUSTED: Out of memory while trying to allocate 32850749016 bytes.
BufferAssignment OOM Debugging.
BufferAssignment stats:
             parameter allocation:  782.05MiB
              constant allocation:        80B
        maybe_live_out allocation:  796.88MiB
     preallocated temp allocation:   30.59GiB
  preallocated temp fragmentation:       120B (0.00%)
                 total allocation:   32.14GiB
              total fragmentation:     1.6KiB (0.00%)
Peak buffers:
	Buffer 1:
		Size: 7.63GiB
		XLA Label: fusion
		Shape: f64[1024,100,10000]
		==========================

	Buffer 2:
		Size: 7.63GiB
		XLA Label: fusion
		Shape: f64[1024,10000,100]
		==========================

	Buffer 3:
		Size: 7.63GiB
		XLA Label: fusion
		Shape: f64[1024,100,10000]
		==========================

	Buffer 4:
		Size: 7.63GiB
		Operator: op_name="jit(<lambda>)/jit(main)/while/body/vmap(jit(Gamma_g))/vmap(jvp(jit(inv)))/jit(solve)/vmap(jit(_lu_solve))/triangular_solve[left_side=True lower=False transpose_a=False conjugate_a=False unit_diagonal=False]" source_file="/zhome/77/8/118225/Desktop/Projects/score_diffusion_mean/score_diffusion_mean/jaxgeometry/manifolds/riemannian/metric.py" source_line=65
		XLA Label: custom-call
		Shape: f64[1024,100,10000]
		==========================

	Buffer 5:
		Size: 781.25MiB
		Entry Parameter Subshape: f64[1000,1024,100]
		==========================

	Buffer 6:
		Size: 781.25MiB
		Operator: op_name="jit(<lambda>)/jit(main)/while/body/dynamic_update_slice" source_file="/zhome/77/8/118225/Desktop/Projects/score_diffusion_mean/score_diffusion_mean/jaxgeometry/integration/integration.py" source_line=120
		XLA Label: fusion
		Shape: f64[1000,1024,100]
		==========================

	Buffer 7:
		Size: 78.12MiB
		Operator: op_name="jit(<lambda>)/jit(main)/while/body/vmap(jit(Gamma_g))/reshape[new_sizes=(1024, 100, 100) dimensions=None]" source_file="/zhome/77/8/118225/Desktop/Projects/score_diffusion_mean/score_diffusion_mean/jaxgeometry/manifolds/Landmarks.py" source_line=110
		XLA Label: fusion
		Shape: f64[1024,50,2,50,2]
		==========================

	Buffer 8:
		Size: 7.81MiB
		Operator: op_name="jit(<lambda>)/jit(main)/while/body/dynamic_update_slice" source_file="/zhome/77/8/118225/Desktop/Projects/score_diffusion_mean/score_diffusion_mean/jaxgeometry/integration/integration.py" source_line=120
		XLA Label: fusion
		Shape: f64[1000,1024]
		==========================

	Buffer 9:
		Size: 7.81MiB
		Operator: op_name="jit(<lambda>)/jit(main)/while/body/dynamic_update_slice" source_file="/zhome/77/8/118225/Desktop/Projects/score_diffusion_mean/score_diffusion_mean/jaxgeometry/integration/integration.py" source_line=120
		XLA Label: fusion
		Shape: f64[1000,1024,1]
		==========================

	Buffer 10:
		Size: 800.0KiB
		Entry Parameter Subshape: f64[1024,100]
		==========================

	Buffer 11:
		Size: 8.0KiB
		Entry Parameter Subshape: f64[1024,1]
		==========================

	Buffer 12:
		Size: 8.0KiB
		Entry Parameter Subshape: f64[1024]
		==========================

	Buffer 13:
		Size: 7.8KiB
		Entry Parameter Subshape: f64[1000]
		==========================

	Buffer 14:
		Size: 7.8KiB
		Operator: op_name="jit(<lambda>)/jit(main)/while/body/dynamic_update_slice" source_file="/zhome/77/8/118225/Desktop/Projects/score_diffusion_mean/score_diffusion_mean/jaxgeometry/integration/integration.py" source_line=120
		XLA Label: fusion
		Shape: f64[1000]
		==========================

	Buffer 15:
		Size: 88B
		XLA Label: tuple
		Shape: (s64[], f64[], f64[1024,100], f64[1024], f64[1000], /*index=5*/f64[1000,1024,100], f64[1000,1024,1], f64[1000,1024], f64[1000], f64[1000,1024,100], /*index=10*/f64[1024,1])
		==========================


jax.errors.SimplifiedTraceback: For simplicity, JAX has removed its internal frames from the traceback of the following exception. Set JAX_TRACEBACK_FILTERING=off to include these.


The above exception was the direct cause of the following exception:


Traceback (most recent call last):

  File "/zhome/77/8/118225/.local/lib/python3.10/site-packages/tensorflow/python/ops/script_ops.py", line 270, in __call__
    ret = func(*args)

  File "/zhome/77/8/118225/.local/lib/python3.10/site-packages/tensorflow/python/autograph/impl/api.py", line 643, in wrapper
    return func(*args, **kwargs)

  File "/zhome/77/8/118225/.local/lib/python3.10/site-packages/tensorflow/python/data/ops/from_generator_op.py", line 198, in generator_py_func
    values = next(generator_state.get_iterator(iterator_id))

  File "/zhome/77/8/118225/Desktop/Projects/score_diffusion_mean/score_diffusion_mean/jaxgeometry/statistics/score_matching/generators.py", line 88, in __call__
    (ts,xss,chartss,*_) = self.product((jnp.repeat(self.x0s[0],self.x_samples,axis=0),

jaxlib.xla_extension.XlaRuntimeError: RESOURCE_EXHAUSTED: Out of memory while trying to allocate 32850749016 bytes.
BufferAssignment OOM Debugging.
BufferAssignment stats:
             parameter allocation:  782.05MiB
              constant allocation:        80B
        maybe_live_out allocation:  796.88MiB
     preallocated temp allocation:   30.59GiB
  preallocated temp fragmentation:       120B (0.00%)
                 total allocation:   32.14GiB
              total fragmentation:     1.6KiB (0.00%)
Peak buffers:
	Buffer 1:
		Size: 7.63GiB
		XLA Label: fusion
		Shape: f64[1024,100,10000]
		==========================

	Buffer 2:
		Size: 7.63GiB
		XLA Label: fusion
		Shape: f64[1024,10000,100]
		==========================

	Buffer 3:
		Size: 7.63GiB
		XLA Label: fusion
		Shape: f64[1024,100,10000]
		==========================

	Buffer 4:
		Size: 7.63GiB
		Operator: op_name="jit(<lambda>)/jit(main)/while/body/vmap(jit(Gamma_g))/vmap(jvp(jit(inv)))/jit(solve)/vmap(jit(_lu_solve))/triangular_solve[left_side=True lower=False transpose_a=False conjugate_a=False unit_diagonal=False]" source_file="/zhome/77/8/118225/Desktop/Projects/score_diffusion_mean/score_diffusion_mean/jaxgeometry/manifolds/riemannian/metric.py" source_line=65
		XLA Label: custom-call
		Shape: f64[1024,100,10000]
		==========================

	Buffer 5:
		Size: 781.25MiB
		Entry Parameter Subshape: f64[1000,1024,100]
		==========================

	Buffer 6:
		Size: 781.25MiB
		Operator: op_name="jit(<lambda>)/jit(main)/while/body/dynamic_update_slice" source_file="/zhome/77/8/118225/Desktop/Projects/score_diffusion_mean/score_diffusion_mean/jaxgeometry/integration/integration.py" source_line=120
		XLA Label: fusion
		Shape: f64[1000,1024,100]
		==========================

	Buffer 7:
		Size: 78.12MiB
		Operator: op_name="jit(<lambda>)/jit(main)/while/body/vmap(jit(Gamma_g))/reshape[new_sizes=(1024, 100, 100) dimensions=None]" source_file="/zhome/77/8/118225/Desktop/Projects/score_diffusion_mean/score_diffusion_mean/jaxgeometry/manifolds/Landmarks.py" source_line=110
		XLA Label: fusion
		Shape: f64[1024,50,2,50,2]
		==========================

	Buffer 8:
		Size: 7.81MiB
		Operator: op_name="jit(<lambda>)/jit(main)/while/body/dynamic_update_slice" source_file="/zhome/77/8/118225/Desktop/Projects/score_diffusion_mean/score_diffusion_mean/jaxgeometry/integration/integration.py" source_line=120
		XLA Label: fusion
		Shape: f64[1000,1024]
		==========================

	Buffer 9:
		Size: 7.81MiB
		Operator: op_name="jit(<lambda>)/jit(main)/while/body/dynamic_update_slice" source_file="/zhome/77/8/118225/Desktop/Projects/score_diffusion_mean/score_diffusion_mean/jaxgeometry/integration/integration.py" source_line=120
		XLA Label: fusion
		Shape: f64[1000,1024,1]
		==========================

	Buffer 10:
		Size: 800.0KiB
		Entry Parameter Subshape: f64[1024,100]
		==========================

	Buffer 11:
		Size: 8.0KiB
		Entry Parameter Subshape: f64[1024,1]
		==========================

	Buffer 12:
		Size: 8.0KiB
		Entry Parameter Subshape: f64[1024]
		==========================

	Buffer 13:
		Size: 7.8KiB
		Entry Parameter Subshape: f64[1000]
		==========================

	Buffer 14:
		Size: 7.8KiB
		Operator: op_name="jit(<lambda>)/jit(main)/while/body/dynamic_update_slice" source_file="/zhome/77/8/118225/Desktop/Projects/score_diffusion_mean/score_diffusion_mean/jaxgeometry/integration/integration.py" source_line=120
		XLA Label: fusion
		Shape: f64[1000]
		==========================

	Buffer 15:
		Size: 88B
		XLA Label: tuple
		Shape: (s64[], f64[], f64[1024,100], f64[1024], f64[1000], /*index=5*/f64[1000,1024,100], f64[1000,1024,1], f64[1000,1024], f64[1000], f64[1000,1024,100], /*index=10*/f64[1024,1])
		==========================




Traceback (most recent call last):
  File "/zhome/77/8/118225/Desktop/Projects/score_diffusion_mean/score_diffusion_mean/train_score.py", line 298, in <module>
    train_score()
  File "/zhome/77/8/118225/Desktop/Projects/score_diffusion_mean/score_diffusion_mean/train_score.py", line 276, in train_score
    train_s1(M=M,
  File "/zhome/77/8/118225/Desktop/Projects/score_diffusion_mean/score_diffusion_mean/jaxgeometry/statistics/score_matching/trainxt.py", line 95, in train_s1
    initial_params = model.init(jrandom.PRNGKey(seed), next(train_dataset)[:,:(2*N_dim+1)])
  File "/zhome/77/8/118225/.local/lib/python3.10/site-packages/tensorflow_datasets/core/dataset_utils.py", line 82, in _eager_dataset_iterator
    for elem in ds:
  File "/zhome/77/8/118225/.local/lib/python3.10/site-packages/tensorflow/python/data/ops/iterator_ops.py", line 809, in __next__
    return self._next_internal()
  File "/zhome/77/8/118225/.local/lib/python3.10/site-packages/tensorflow/python/data/ops/iterator_ops.py", line 772, in _next_internal
    ret = gen_dataset_ops.iterator_get_next(
  File "/zhome/77/8/118225/.local/lib/python3.10/site-packages/tensorflow/python/ops/gen_dataset_ops.py", line 3028, in iterator_get_next
    _ops.raise_from_not_ok_status(e, name)
  File "/zhome/77/8/118225/.local/lib/python3.10/site-packages/tensorflow/python/framework/ops.py", line 5888, in raise_from_not_ok_status
    raise core._status_to_exception(e) from None  # pylint: disable=protected-access
tensorflow.python.framework.errors_impl.UnknownError: {{function_node __wrapped__IteratorGetNext_output_types_1_device_/job:localhost/replica:0/task:0/device:CPU:0}} XlaRuntimeError: RESOURCE_EXHAUSTED: Out of memory while trying to allocate 32850749016 bytes.
BufferAssignment OOM Debugging.
BufferAssignment stats:
             parameter allocation:  782.05MiB
              constant allocation:        80B
        maybe_live_out allocation:  796.88MiB
     preallocated temp allocation:   30.59GiB
  preallocated temp fragmentation:       120B (0.00%)
                 total allocation:   32.14GiB
              total fragmentation:     1.6KiB (0.00%)
Peak buffers:
	Buffer 1:
		Size: 7.63GiB
		XLA Label: fusion
		Shape: f64[1024,100,10000]
		==========================

	Buffer 2:
		Size: 7.63GiB
		XLA Label: fusion
		Shape: f64[1024,10000,100]
		==========================

	Buffer 3:
		Size: 7.63GiB
		XLA Label: fusion
		Shape: f64[1024,100,10000]
		==========================

	Buffer 4:
		Size: 7.63GiB
		Operator: op_name="jit(<lambda>)/jit(main)/while/body/vmap(jit(Gamma_g))/vmap(jvp(jit(inv)))/jit(solve)/vmap(jit(_lu_solve))/triangular_solve[left_side=True lower=False transpose_a=False conjugate_a=False unit_diagonal=False]" source_file="/zhome/77/8/118225/Desktop/Projects/score_diffusion_mean/score_diffusion_mean/jaxgeometry/manifolds/riemannian/metric.py" source_line=65
		XLA Label: custom-call
		Shape: f64[1024,100,10000]
		==========================

	Buffer 5:
		Size: 781.25MiB
		Entry Parameter Subshape: f64[1000,1024,100]
		==========================

	Buffer 6:
		Size: 781.25MiB
		Operator: op_name="jit(<lambda>)/jit(main)/while/body/dynamic_update_slice" source_file="/zhome/77/8/118225/Desktop/Projects/score_diffusion_mean/score_diffusion_mean/jaxgeometry/integration/integration.py" source_line=120
		XLA Label: fusion
		Shape: f64[1000,1024,100]
		==========================

	Buffer 7:
		Size: 78.12MiB
		Operator: op_name="jit(<lambda>)/jit(main)/while/body/vmap(jit(Gamma_g))/reshape[new_sizes=(1024, 100, 100) dimensions=None]" source_file="/zhome/77/8/118225/Desktop/Projects/score_diffusion_mean/score_diffusion_mean/jaxgeometry/manifolds/Landmarks.py" source_line=110
		XLA Label: fusion
		Shape: f64[1024,50,2,50,2]
		==========================

	Buffer 8:
		Size: 7.81MiB
		Operator: op_name="jit(<lambda>)/jit(main)/while/body/dynamic_update_slice" source_file="/zhome/77/8/118225/Desktop/Projects/score_diffusion_mean/score_diffusion_mean/jaxgeometry/integration/integration.py" source_line=120
		XLA Label: fusion
		Shape: f64[1000,1024]
		==========================

	Buffer 9:
		Size: 7.81MiB
		Operator: op_name="jit(<lambda>)/jit(main)/while/body/dynamic_update_slice" source_file="/zhome/77/8/118225/Desktop/Projects/score_diffusion_mean/score_diffusion_mean/jaxgeometry/integration/integration.py" source_line=120
		XLA Label: fusion
		Shape: f64[1000,1024,1]
		==========================

	Buffer 10:
		Size: 800.0KiB
		Entry Parameter Subshape: f64[1024,100]
		==========================

	Buffer 11:
		Size: 8.0KiB
		Entry Parameter Subshape: f64[1024,1]
		==========================

	Buffer 12:
		Size: 8.0KiB
		Entry Parameter Subshape: f64[1024]
		==========================

	Buffer 13:
		Size: 7.8KiB
		Entry Parameter Subshape: f64[1000]
		==========================

	Buffer 14:
		Size: 7.8KiB
		Operator: op_name="jit(<lambda>)/jit(main)/while/body/dynamic_update_slice" source_file="/zhome/77/8/118225/Desktop/Projects/score_diffusion_mean/score_diffusion_mean/jaxgeometry/integration/integration.py" source_line=120
		XLA Label: fusion
		Shape: f64[1000]
		==========================

	Buffer 15:
		Size: 88B
		XLA Label: tuple
		Shape: (s64[], f64[], f64[1024,100], f64[1024], f64[1000], /*index=5*/f64[1000,1024,100], f64[1000,1024,1], f64[1000,1024], f64[1000], f64[1000,1024,100], /*index=10*/f64[1024,1])
		==========================


jax.errors.SimplifiedTraceback: For simplicity, JAX has removed its internal frames from the traceback of the following exception. Set JAX_TRACEBACK_FILTERING=off to include these.


The above exception was the direct cause of the following exception:


Traceback (most recent call last):

  File "/zhome/77/8/118225/.local/lib/python3.10/site-packages/tensorflow/python/ops/script_ops.py", line 270, in __call__
    ret = func(*args)

  File "/zhome/77/8/118225/.local/lib/python3.10/site-packages/tensorflow/python/autograph/impl/api.py", line 643, in wrapper
    return func(*args, **kwargs)

  File "/zhome/77/8/118225/.local/lib/python3.10/site-packages/tensorflow/python/data/ops/from_generator_op.py", line 198, in generator_py_func
    values = next(generator_state.get_iterator(iterator_id))

  File "/zhome/77/8/118225/Desktop/Projects/score_diffusion_mean/score_diffusion_mean/jaxgeometry/statistics/score_matching/generators.py", line 88, in __call__
    (ts,xss,chartss,*_) = self.product((jnp.repeat(self.x0s[0],self.x_samples,axis=0),

jaxlib.xla_extension.XlaRuntimeError: RESOURCE_EXHAUSTED: Out of memory while trying to allocate 32850749016 bytes.
BufferAssignment OOM Debugging.
BufferAssignment stats:
             parameter allocation:  782.05MiB
              constant allocation:        80B
        maybe_live_out allocation:  796.88MiB
     preallocated temp allocation:   30.59GiB
  preallocated temp fragmentation:       120B (0.00%)
                 total allocation:   32.14GiB
              total fragmentation:     1.6KiB (0.00%)
Peak buffers:
	Buffer 1:
		Size: 7.63GiB
		XLA Label: fusion
		Shape: f64[1024,100,10000]
		==========================

	Buffer 2:
		Size: 7.63GiB
		XLA Label: fusion
		Shape: f64[1024,10000,100]
		==========================

	Buffer 3:
		Size: 7.63GiB
		XLA Label: fusion
		Shape: f64[1024,100,10000]
		==========================

	Buffer 4:
		Size: 7.63GiB
		Operator: op_name="jit(<lambda>)/jit(main)/while/body/vmap(jit(Gamma_g))/vmap(jvp(jit(inv)))/jit(solve)/vmap(jit(_lu_solve))/triangular_solve[left_side=True lower=False transpose_a=False conjugate_a=False unit_diagonal=False]" source_file="/zhome/77/8/118225/Desktop/Projects/score_diffusion_mean/score_diffusion_mean/jaxgeometry/manifolds/riemannian/metric.py" source_line=65
		XLA Label: custom-call
		Shape: f64[1024,100,10000]
		==========================

	Buffer 5:
		Size: 781.25MiB
		Entry Parameter Subshape: f64[1000,1024,100]
		==========================

	Buffer 6:
		Size: 781.25MiB
		Operator: op_name="jit(<lambda>)/jit(main)/while/body/dynamic_update_slice" source_file="/zhome/77/8/118225/Desktop/Projects/score_diffusion_mean/score_diffusion_mean/jaxgeometry/integration/integration.py" source_line=120
		XLA Label: fusion
		Shape: f64[1000,1024,100]
		==========================

	Buffer 7:
		Size: 78.12MiB
		Operator: op_name="jit(<lambda>)/jit(main)/while/body/vmap(jit(Gamma_g))/reshape[new_sizes=(1024, 100, 100) dimensions=None]" source_file="/zhome/77/8/118225/Desktop/Projects/score_diffusion_mean/score_diffusion_mean/jaxgeometry/manifolds/Landmarks.py" source_line=110
		XLA Label: fusion
		Shape: f64[1024,50,2,50,2]
		==========================

	Buffer 8:
		Size: 7.81MiB
		Operator: op_name="jit(<lambda>)/jit(main)/while/body/dynamic_update_slice" source_file="/zhome/77/8/118225/Desktop/Projects/score_diffusion_mean/score_diffusion_mean/jaxgeometry/integration/integration.py" source_line=120
		XLA Label: fusion
		Shape: f64[1000,1024]
		==========================

	Buffer 9:
		Size: 7.81MiB
		Operator: op_name="jit(<lambda>)/jit(main)/while/body/dynamic_update_slice" source_file="/zhome/77/8/118225/Desktop/Projects/score_diffusion_mean/score_diffusion_mean/jaxgeometry/integration/integration.py" source_line=120
		XLA Label: fusion
		Shape: f64[1000,1024,1]
		==========================

	Buffer 10:
		Size: 800.0KiB
		Entry Parameter Subshape: f64[1024,100]
		==========================

	Buffer 11:
		Size: 8.0KiB
		Entry Parameter Subshape: f64[1024,1]
		==========================

	Buffer 12:
		Size: 8.0KiB
		Entry Parameter Subshape: f64[1024]
		==========================

	Buffer 13:
		Size: 7.8KiB
		Entry Parameter Subshape: f64[1000]
		==========================

	Buffer 14:
		Size: 7.8KiB
		Operator: op_name="jit(<lambda>)/jit(main)/while/body/dynamic_update_slice" source_file="/zhome/77/8/118225/Desktop/Projects/score_diffusion_mean/score_diffusion_mean/jaxgeometry/integration/integration.py" source_line=120
		XLA Label: fusion
		Shape: f64[1000]
		==========================

	Buffer 15:
		Size: 88B
		XLA Label: tuple
		Shape: (s64[], f64[], f64[1024,100], f64[1024], f64[1000], /*index=5*/f64[1000,1024,100], f64[1000,1024,1], f64[1000,1024], f64[1000], f64[1000,1024,100], /*index=10*/f64[1024,1])
		==========================




	 [[{{node PyFunc}}]] [Op:IteratorGetNext] name: 
