Loaded dependency [python3/3.10.12]: gcc/11.4.0-binutils-2.40
Loaded dependency [python3/3.10.12]: sqlite3/3.42.0

Switching from python3/3.8.2 to python3/3.10.12
  Loading requirement: gcc/11.4.0-binutils-2.40 sqlite3/3.42.0
2024-03-03 12:17:31.466628: E tensorflow/compiler/xla/stream_executor/cuda/cuda_dnn.cc:9342] Unable to register cuDNN factory: Attempting to register factory for plugin cuDNN when one has already been registered
2024-03-03 12:17:31.466695: E tensorflow/compiler/xla/stream_executor/cuda/cuda_fft.cc:609] Unable to register cuFFT factory: Attempting to register factory for plugin cuFFT when one has already been registered
2024-03-03 12:17:31.683304: E tensorflow/compiler/xla/stream_executor/cuda/cuda_blas.cc:1518] Unable to register cuBLAS factory: Attempting to register factory for plugin cuBLAS when one has already been registered
2024-03-03 12:18:06.063205: W external/xla/xla/service/gpu/runtime/support.cc:58] Intercepted XLA runtime error:
INTERNAL: jaxlib/gpu/blas_kernels.cc:100: operation gpuStreamSynchronize(stream) failed: an illegal memory access was encountered
2024-03-03 12:18:06.063610: E external/xla/xla/pjrt/pjrt_stream_executor_client.cc:2593] Execution of replica 0 failed: INTERNAL: Failed to execute XLA Runtime executable: run time error: custom call 'xla.gpu.custom_call' failed: jaxlib/gpu/blas_kernels.cc:100: operation gpuStreamSynchronize(stream) failed: an illegal memory access was encountered; current tracing scope: custom-call.4; current profiling annotation: XlaModule:#hlo_module=jit__lambda_,program_id=143#.
2024-03-03 12:18:06.110277: W tensorflow/core/framework/op_kernel.cc:1827] UNKNOWN: XlaRuntimeError: INTERNAL: Failed to execute XLA Runtime executable: run time error: custom call 'xla.gpu.custom_call' failed: jaxlib/gpu/blas_kernels.cc:100: operation gpuStreamSynchronize(stream) failed: an illegal memory access was encountered; current tracing scope: custom-call.4; current profiling annotation: XlaModule:#hlo_module=jit__lambda_,program_id=143#.
jax.errors.SimplifiedTraceback: For simplicity, JAX has removed its internal frames from the traceback of the following exception. Set JAX_TRACEBACK_FILTERING=off to include these.


The above exception was the direct cause of the following exception:


Traceback (most recent call last):

  File "/zhome/77/8/118225/.local/lib/python3.10/site-packages/tensorflow/python/ops/script_ops.py", line 270, in __call__
    ret = func(*args)

  File "/zhome/77/8/118225/.local/lib/python3.10/site-packages/tensorflow/python/autograph/impl/api.py", line 643, in wrapper
    return func(*args, **kwargs)

  File "/zhome/77/8/118225/.local/lib/python3.10/site-packages/tensorflow/python/data/ops/from_generator_op.py", line 198, in generator_py_func
    values = next(generator_state.get_iterator(iterator_id))

  File "/zhome/77/8/118225/Desktop/Projects/score_diffusion_mean/score_diffusion_mean/jaxgeometry/statistics/score_matching/generators.py", line 78, in __call__
    (ts,xss,chartss,*_) = self.product((jnp.repeat(self.x0s[0],self.x_samples,axis=0),

jaxlib.xla_extension.XlaRuntimeError: INTERNAL: Failed to execute XLA Runtime executable: run time error: custom call 'xla.gpu.custom_call' failed: jaxlib/gpu/blas_kernels.cc:100: operation gpuStreamSynchronize(stream) failed: an illegal memory access was encountered; current tracing scope: custom-call.4; current profiling annotation: XlaModule:#hlo_module=jit__lambda_,program_id=143#.


Traceback (most recent call last):
  File "/zhome/77/8/118225/Desktop/Projects/score_diffusion_mean/score_diffusion_mean/train_score.py", line 346, in <module>
    train_score()
  File "/zhome/77/8/118225/Desktop/Projects/score_diffusion_mean/score_diffusion_mean/train_score.py", line 324, in train_score
    train_s1(M=M,
  File "/zhome/77/8/118225/Desktop/Projects/score_diffusion_mean/score_diffusion_mean/jaxgeometry/statistics/score_matching/trainxt.py", line 94, in train_s1
    initial_params = model.init(jrandom.PRNGKey(seed), next(train_dataset)[:,:(2*N_dim+1)])
  File "/zhome/77/8/118225/.local/lib/python3.10/site-packages/tensorflow_datasets/core/dataset_utils.py", line 82, in _eager_dataset_iterator
    for elem in ds:
  File "/zhome/77/8/118225/.local/lib/python3.10/site-packages/tensorflow/python/data/ops/iterator_ops.py", line 809, in __next__
    return self._next_internal()
  File "/zhome/77/8/118225/.local/lib/python3.10/site-packages/tensorflow/python/data/ops/iterator_ops.py", line 772, in _next_internal
    ret = gen_dataset_ops.iterator_get_next(
  File "/zhome/77/8/118225/.local/lib/python3.10/site-packages/tensorflow/python/ops/gen_dataset_ops.py", line 3028, in iterator_get_next
    _ops.raise_from_not_ok_status(e, name)
  File "/zhome/77/8/118225/.local/lib/python3.10/site-packages/tensorflow/python/framework/ops.py", line 5888, in raise_from_not_ok_status
    raise core._status_to_exception(e) from None  # pylint: disable=protected-access
tensorflow.python.framework.errors_impl.UnknownError: {{function_node __wrapped__IteratorGetNext_output_types_1_device_/job:localhost/replica:0/task:0/device:CPU:0}} XlaRuntimeError: INTERNAL: Failed to execute XLA Runtime executable: run time error: custom call 'xla.gpu.custom_call' failed: jaxlib/gpu/blas_kernels.cc:100: operation gpuStreamSynchronize(stream) failed: an illegal memory access was encountered; current tracing scope: custom-call.4; current profiling annotation: XlaModule:#hlo_module=jit__lambda_,program_id=143#.
jax.errors.SimplifiedTraceback: For simplicity, JAX has removed its internal frames from the traceback of the following exception. Set JAX_TRACEBACK_FILTERING=off to include these.


The above exception was the direct cause of the following exception:


Traceback (most recent call last):

  File "/zhome/77/8/118225/.local/lib/python3.10/site-packages/tensorflow/python/ops/script_ops.py", line 270, in __call__
    ret = func(*args)

  File "/zhome/77/8/118225/.local/lib/python3.10/site-packages/tensorflow/python/autograph/impl/api.py", line 643, in wrapper
    return func(*args, **kwargs)

  File "/zhome/77/8/118225/.local/lib/python3.10/site-packages/tensorflow/python/data/ops/from_generator_op.py", line 198, in generator_py_func
    values = next(generator_state.get_iterator(iterator_id))

  File "/zhome/77/8/118225/Desktop/Projects/score_diffusion_mean/score_diffusion_mean/jaxgeometry/statistics/score_matching/generators.py", line 78, in __call__
    (ts,xss,chartss,*_) = self.product((jnp.repeat(self.x0s[0],self.x_samples,axis=0),

jaxlib.xla_extension.XlaRuntimeError: INTERNAL: Failed to execute XLA Runtime executable: run time error: custom call 'xla.gpu.custom_call' failed: jaxlib/gpu/blas_kernels.cc:100: operation gpuStreamSynchronize(stream) failed: an illegal memory access was encountered; current tracing scope: custom-call.4; current profiling annotation: XlaModule:#hlo_module=jit__lambda_,program_id=143#.


	 [[{{node PyFunc}}]] [Op:IteratorGetNext] name: 
2024-03-03 12:18:06.660182: E external/xla/xla/stream_executor/cuda/cuda_driver.cc:674] failed to unload module 0x7ade520; leaking: CUDA_ERROR_ILLEGAL_ADDRESS: an illegal memory access was encountered
2024-03-03 12:18:06.661439: E external/xla/xla/stream_executor/cuda/cuda_driver.cc:674] failed to unload module 0xc9fb090; leaking: CUDA_ERROR_ILLEGAL_ADDRESS: an illegal memory access was encountered
2024-03-03 12:18:06.663619: E external/xla/xla/stream_executor/cuda/cuda_driver.cc:674] failed to unload module 0x9127370; leaking: CUDA_ERROR_ILLEGAL_ADDRESS: an illegal memory access was encountered
2024-03-03 12:18:06.666219: E external/xla/xla/stream_executor/cuda/cuda_driver.cc:674] failed to unload module 0xa433430; leaking: CUDA_ERROR_ILLEGAL_ADDRESS: an illegal memory access was encountered
2024-03-03 12:18:06.667267: E external/xla/xla/stream_executor/cuda/cuda_driver.cc:674] failed to unload module 0xb02ae80; leaking: CUDA_ERROR_ILLEGAL_ADDRESS: an illegal memory access was encountered
2024-03-03 12:18:06.672074: E external/xla/xla/stream_executor/cuda/cuda_driver.cc:674] failed to unload module 0x895a820; leaking: CUDA_ERROR_ILLEGAL_ADDRESS: an illegal memory access was encountered
2024-03-03 12:18:06.672839: E external/xla/xla/stream_executor/cuda/cuda_driver.cc:674] failed to unload module 0x8acb9f0; leaking: CUDA_ERROR_ILLEGAL_ADDRESS: an illegal memory access was encountered
2024-03-03 12:18:06.673185: E external/xla/xla/stream_executor/cuda/cuda_driver.cc:674] failed to unload module 0x883dc40; leaking: CUDA_ERROR_ILLEGAL_ADDRESS: an illegal memory access was encountered
2024-03-03 12:18:06.673540: E external/xla/xla/stream_executor/cuda/cuda_driver.cc:674] failed to unload module 0x7ad91f0; leaking: CUDA_ERROR_ILLEGAL_ADDRESS: an illegal memory access was encountered
2024-03-03 12:18:06.673858: E external/xla/xla/stream_executor/cuda/cuda_driver.cc:674] failed to unload module 0x8cf41f0; leaking: CUDA_ERROR_ILLEGAL_ADDRESS: an illegal memory access was encountered
2024-03-03 12:18:06.674201: E external/xla/xla/stream_executor/cuda/cuda_driver.cc:674] failed to unload module 0x891bae0; leaking: CUDA_ERROR_ILLEGAL_ADDRESS: an illegal memory access was encountered
2024-03-03 12:18:06.675199: E external/xla/xla/stream_executor/cuda/cuda_driver.cc:674] failed to unload module 0xb8d17a0; leaking: CUDA_ERROR_ILLEGAL_ADDRESS: an illegal memory access was encountered
2024-03-03 12:18:06.675567: E external/xla/xla/stream_executor/cuda/cuda_driver.cc:674] failed to unload module 0xb51dcd0; leaking: CUDA_ERROR_ILLEGAL_ADDRESS: an illegal memory access was encountered
2024-03-03 12:18:06.675952: E external/xla/xla/stream_executor/cuda/cuda_driver.cc:674] failed to unload module 0xb995380; leaking: CUDA_ERROR_ILLEGAL_ADDRESS: an illegal memory access was encountered
2024-03-03 12:18:06.676685: E external/xla/xla/stream_executor/cuda/cuda_driver.cc:674] failed to unload module 0xbb53910; leaking: CUDA_ERROR_ILLEGAL_ADDRESS: an illegal memory access was encountered
2024-03-03 12:18:06.677457: E external/xla/xla/stream_executor/cuda/cuda_driver.cc:674] failed to unload module 0xb343cc0; leaking: CUDA_ERROR_ILLEGAL_ADDRESS: an illegal memory access was encountered
2024-03-03 12:18:06.677804: E external/xla/xla/stream_executor/cuda/cuda_driver.cc:674] failed to unload module 0xb3ccf80; leaking: CUDA_ERROR_ILLEGAL_ADDRESS: an illegal memory access was encountered
2024-03-03 12:18:06.679696: E external/xla/xla/stream_executor/cuda/cuda_driver.cc:674] failed to unload module 0xb8ec280; leaking: CUDA_ERROR_ILLEGAL_ADDRESS: an illegal memory access was encountered
2024-03-03 12:18:06.681054: E external/xla/xla/stream_executor/cuda/cuda_driver.cc:674] failed to unload module 0xc046f80; leaking: CUDA_ERROR_ILLEGAL_ADDRESS: an illegal memory access was encountered
2024-03-03 12:18:06.682540: E external/xla/xla/stream_executor/cuda/cuda_driver.cc:674] failed to unload module 0xcc225c0; leaking: CUDA_ERROR_ILLEGAL_ADDRESS: an illegal memory access was encountered
2024-03-03 12:18:06.685495: E external/xla/xla/stream_executor/cuda/cuda_driver.cc:674] failed to unload module 0xd446b70; leaking: CUDA_ERROR_ILLEGAL_ADDRESS: an illegal memory access was encountered
2024-03-03 12:18:06.687466: E external/xla/xla/stream_executor/cuda/cuda_driver.cc:674] failed to unload module 0xd861de0; leaking: CUDA_ERROR_ILLEGAL_ADDRESS: an illegal memory access was encountered
2024-03-03 12:18:06.689306: E external/xla/xla/stream_executor/cuda/cuda_driver.cc:674] failed to unload module 0xdaf71f0; leaking: CUDA_ERROR_ILLEGAL_ADDRESS: an illegal memory access was encountered
2024-03-03 12:18:06.948888: E external/xla/xla/stream_executor/cuda/cuda_driver.cc:763] failed to free device memory at 0x7f8ce9747a00; result: CUDA_ERROR_ILLEGAL_ADDRESS: an illegal memory access was encountered
2024-03-03 12:18:06.949636: E external/xla/xla/stream_executor/cuda/cuda_driver.cc:674] failed to unload module 0xeaf5130; leaking: CUDA_ERROR_ILLEGAL_ADDRESS: an illegal memory access was encountered
